
> temp-app@0.1.0 build
> next build

node.exe : ΓÜá `eslint` 
configuration in 
next.config.ts is no longer 
supported. See more info 
here: https://nextjs.org/docs/
app/api-reference/cli/next#nex
t-lint-options
At line:1 char:1
+ & "C:\Program 
Files\nodejs/node.exe" 
"C:\Program 
Files\nodejs/node_mo ...
+ ~~~~~~~~~~~~~~~~~~~~~~~~~~~~
~~~~~~~~~~~~~~~~~~~~~~~~~~~~~~
~~~~~~~~~~~
    + CategoryInfo          : 
    NotSpecified: (ΓÜá `esli  
  nt` co...xt-lint-options:   
 String) [], RemoteExcepti    
on
    + FullyQualifiedErrorId : 
    NativeCommandError
 
ΓÜá Invalid next.config.ts 
options detected: 
ΓÜá     Unrecognized key(s) 
in object: 'eslint'
ΓÜá See more info here: https:
//nextjs.org/docs/messages/inv
alid-next-config
Γû▓ Next.js 16.1.6 (Turbopack)
- Environments: .env.local
- Experiments (use with caution):
  ┬╖ optimizePackageImports
  ┬╖ serverActions

ΓÜá The "middleware" file 
convention is deprecated. 
Please use "proxy" instead. 
Learn more: https://nextjs.org
/docs/messages/middleware-to-p
roxy
  Creating an optimized production build ...

> Build error occurred
Error: Turbopack build failed 
with 1 errors:
./src/lib/firebase-admin.ts:4:
1
Module not found: Can't 
resolve 
'./firebase-service-account'
[0m [90m 2 |[39m 
[36mimport[39m { 
getFirestore } [36mfrom[39m 
[32m'firebase-admin/firestore
'[39m[33m;[39m
 [90m 3 |[39m 
[36mimport[39m { getAuth } 
[36mfrom[39m [32m'firebase-
admin/auth'[39m[33m;[39m
[31m[1m>[22m[39m[90m 4 
|[39m [36mimport[39m { 
serviceAccount } 
[36mfrom[39m [32m'./firebas
e-service-account'[39m[33m;
[39m
 [90m   |[39m [31m[1m^[22
m[39m[31m[1m^[22m[39m[31
m[1m^[22m[39m[31m[1m^[22
m[39m[31m[1m^[22m[39m[31
m[1m^[22m[39m[31m[1m^[22
m[39m[31m[1m^[22m[39m[31
m[1m^[22m[39m[31m[1m^[22
m[39m[31m[1m^[22m[39m[31
m[1m^[22m[39m[31m[1m^[22
m[39m[31m[1m^[22m[39m[31
m[1m^[22m[39m[31m[1m^[22
m[39m[31m[1m^[22m[39m[31
m[1m^[22m[39m[31m[1m^[22
m[39m[31m[1m^[22m[39m[31
m[1m^[22m[39m[31m[1m^[22
m[39m[31m[1m^[22m[39m[31
m[1m^[22m[39m[31m[1m^[22
m[39m[31m[1m^[22m[39m[31
m[1m^[22m[39m[31m[1m^[22
m[39m[31m[1m^[22m[39m[31
m[1m^[22m[39m[31m[1m^[22
m[39m[31m[1m^[22m[39m[31
m[1m^[22m[39m[31m[1m^[22
m[39m[31m[1m^[22m[39m[31
m[1m^[22m[39m[31m[1m^[22
m[39m[31m[1m^[22m[39m[31
m[1m^[22m[39m[31m[1m^[22
m[39m[31m[1m^[22m[39m[31
m[1m^[22m[39m[31m[1m^[22
m[39m[31m[1m^[22m[39m[31
m[1m^[22m[39m[31m[1m^[22
m[39m[31m[1m^[22m[39m[31
m[1m^[22m[39m[31m[1m^[22
m[39m[31m[1m^[22m[39m[31
m[1m^[22m[39m[31m[1m^[22
m[39m[31m[1m^[22m[39m[31
m[1m^[22m[39m[31m[1m^[22
m[39m[31m[1m^[22m[39m[31
m[1m^[22m[39m[31m[1m^[22
m[39m[31m[1m^[22m[39m[31
m[1m^[22m[39m
 [90m 5 |[39m
 [90m 6 |[39m 
[36mexport[39m 
[36mfunction[39m 
getAdminApp() {
 [90m 7 |[39m     
[36mif[39m 
(getApps()[33m.[39mlength 
[33m===[39m [35m0[39m) 
{[0m



Import traces:
  #1 [Server Component]:
    
./src/lib/firebase-admin.ts
    ./src/actions/newsletter-a
ctions.ts

  #2 [App Route]:
    
./src/lib/firebase-admin.ts
    ./src/auth.ts
    ./src/app/api/auth/[...nex
tauth]/route.ts

  #3 [Server Component]:
    
./src/lib/firebase-admin.ts
    ./src/actions/product-acti
ons.ts
    ./src/app/page.tsx

https://nextjs.org/docs/messag
es/module-not-found


    at <unknown> (./src/lib/fi
rebase-admin.ts:4:1)
    at <unknown> (https://next
js.org/docs/messages/module-no
t-found)
